<?xml version="1.0" encoding="UTF-8"?>
<testsuite xmlns:xsi="http://www.w3.org/2001/XMLSchema-instance" xsi:noNamespaceSchemaLocation="https://maven.apache.org/surefire/maven-surefire-plugin/xsd/surefire-test-report.xsd" name="com.simpletest.command.SimpleCommandTest" time="0.304" tests="2" errors="0" skipped="0" failures="0">
  <properties>
[...]
</properties>
  <testcase name="shouldCreateSimpleCommand" classname="com.simpletest.command.SimpleCommandTest" time="0.257"/>
  <testcase name="shouldModifySimpleCommand" classname="com.simpletest.command.SimpleCommandTest" time="0.012"/>
</testsuite>